<?xml version="1.0" encoding="utf-8"?><testsuites name="pytest tests"><testsuite name="pytest" errors="0" failures="0" skipped="0" tests="68" time="14.003" timestamp="2026-09-05T16:20:28.633626+03:00" hostname="Kamens-Mac-Book-Pro-Max.local"><testcase classname="tests.test_client_skill_projections.ProjectionManifestTests" name="test_blocked_disposition_prevents_build" time="0.057" /><testcase classname="tests.test_client_skill_projections.ProjectionManifestTests" name="test_build_stages_deterministically_and_fails_on_drift" time="0.085" /><testcase classname="tests.test_client_skill_projections.ProjectionManifestTests" name="test_check_fails_closed_on_canonical_drift_after_projection" time="0.056" /><testcase classname="tests.test_client_skill_projections.ProjectionManifestTests" name="test_check_passes_when_installed_matches_projection" time="0.058" /><testcase classname="tests.test_client_skill_projections.ProjectionManifestTests" name="test_check_reports_match_drift_missing_and_unmanaged" time="0.059" /><testcase classname="tests.test_client_skill_projections.ProjectionManifestTests" name="test_generate_binds_hashes_and_is_deterministic" time="0.059" /><testcase classname="tests.test_client_skill_projections.ProjectionManifestTests" name="test_generate_refuses_managed_skill_without_disposition" time="0.030" /><testcase classname="tests.test_client_skill_projections.ProjectionManifestTests" name="test_generated_machinery_projection_binds_each_client_and_fails_closed" time="0.090" /><testcase classname="tests.test_client_skill_projections.ProjectionManifestTests" name="test_python_cache_artifacts_do_not_create_projection_drift" time="0.059" /><testcase classname="tests.test_client_skill_projections.ProjectionManifestTests" name="test_repository_manifest_is_complete_and_current" time="0.047" /><testcase classname="tests.test_client_skill_projections.ProjectionManifestTests" name="test_versioned_requirements_projection_adds_reader_command_without_changing_v1" time="0.088" /><testcase classname="tests.test_client_skill_projections.ProjectionManifestTests" name="test_versioned_requirements_projection_refuses_partial_execution_boundary" time="0.001" /><testcase classname="tests.test_install_skills.InstallerTests" name="test_claude_target_without_reconciliation_is_refused" time="0.030" /><testcase classname="tests.test_install_skills.InstallerTests" name="test_exact_replace_preserves_unrelated" time="0.029" /><testcase classname="tests.test_install_skills.InstallerTests" name="test_generated_projection_install_keeps_each_client_provider_bound" time="0.061" /><testcase classname="tests.test_install_skills.InstallerTests" name="test_incomplete_or_nonterminal_reconciliation_is_refused" time="0.059" /><testcase classname="tests.test_install_skills.InstallerTests" name="test_install_fsyncs_journal_and_destination_directories" time="0.028" /><testcase classname="tests.test_install_skills.InstallerTests" name="test_install_fsyncs_staged_payload_files" time="0.029" /><testcase classname="tests.test_install_skills.InstallerTests" name="test_install_lock_fails_fast_and_journal_has_transaction_id" time="0.915" /><testcase classname="tests.test_install_skills.InstallerTests" name="test_install_records_hash_bound_canonical_blocker_support" time="0.033" /><testcase classname="tests.test_install_skills.InstallerTests" name="test_only_rejects_unknown_or_duplicate_names_before_mutation" time="0.001" /><testcase classname="tests.test_install_skills.InstallerTests" name="test_only_replaces_selected_managed_skill" time="0.031" /><testcase classname="tests.test_install_skills.InstallerTests" name="test_projection_manifest_reconciliation_fails_closed_on_drift" time="0.089" /><testcase classname="tests.test_install_skills.InstallerTests" name="test_recover_applying_restores_backup" time="0.001" /><testcase classname="tests.test_install_skills.InstallerTests" name="test_recover_new_install_after_rename_before_journal_bit" time="0.000" /><testcase classname="tests.test_install_skills.InstallerTests" name="test_recover_prepared_does_not_touch_destination" time="0.001" /><testcase classname="tests.test_install_skills.InstallerTests" name="test_unmanaged_installed_skills_are_preserved_and_reported" time="0.059" /><testcase classname="tests.test_atom_building_machinery" name="test_installed_controller_starts_without_repository_modules_at_import_time" time="0.043" /><testcase classname="tests.test_atom_building_machinery" name="test_native_authorization_context_and_payload_bind_atomic_step" time="0.014" /><testcase classname="tests.test_atom_building_machinery" name="test_existing_atom_14_native_receipt_remains_valid_for_its_exact_request" time="0.012" /><testcase classname="tests.test_atom_building_machinery" name="test_native_helper_source_displays_and_signs_exact_atom_identity" time="0.000" /><testcase classname="tests.test_atom_building_machinery" name="test_installed_controller_resolves_only_hash_bound_managed_support" time="0.013" /><testcase classname="tests.test_atom_building_machinery" name="test_complete_journey_authorizes_next_atom" time="1.490" /><testcase classname="tests.test_atom_building_machinery" name="test_start_refuses_run_below_allowed_product_path" time="0.039" /><testcase classname="tests.test_atom_building_machinery" name="test_missing_or_mismatched_promotion_evidence_cannot_advance" time="0.509" /><testcase classname="tests.test_atom_building_machinery" name="test_validation_snapshots_survive_caller_evidence_change_and_refuse_snapshot_tamper" time="0.694" /><testcase classname="tests.test_atom_building_machinery" name="test_promotion_evidence_snapshot_survives_caller_change_and_refuses_tamper" time="0.561" /><testcase classname="tests.test_atom_building_machinery" name="test_refuses_premature_promotion_completion_and_next_atom" time="0.158" /><testcase classname="tests.test_atom_building_machinery" name="test_failed_experiment_is_preserved_and_routes_back_to_experiment" time="0.161" /><testcase classname="tests.test_atom_building_machinery" name="test_experiment_without_verified_assembly_cannot_advance" time="0.162" /><testcase classname="tests.test_atom_building_machinery" name="test_failed_real_path_routes_back_to_experiment" time="0.527" /><testcase classname="tests.test_atom_building_machinery" name="test_superseded_legacy_failed_evidence_drift_is_reported_and_recoverable" time="0.841" /><testcase classname="tests.test_atom_building_machinery" name="test_current_legacy_failed_evidence_drift_remains_strict" time="0.617" /><testcase classname="tests.test_atom_building_machinery" name="test_tampered_ledger_is_refused" time="0.079" /><testcase classname="tests.test_atom_building_machinery" name="test_validation_receipt_snapshot_survives_caller_change_and_remains_strict" time="0.698" /><testcase classname="tests.test_atom_building_machinery" name="test_experiment_snapshot_survives_caller_assembly_removal" time="0.243" /><testcase classname="tests.test_atom_building_machinery" name="test_experiment_snapshot_survives_source_removal_and_refuses_tamper" time="0.282" /><testcase classname="tests.test_atom_building_machinery" name="test_promotion_snapshot_survives_source_removal_and_refuses_tamper" time="0.556" /><testcase classname="tests.test_atom_building_machinery" name="test_change_surface_excludes_unchanged_preexisting_allowed_files" time="0.081" /><testcase classname="tests.test_atom_building_machinery" name="test_change_surface_includes_permission_only_changes" time="0.080" /><testcase classname="tests.test_atom_building_machinery" name="test_promotion_refuses_changed_paths_that_differ_from_actual_surface" time="0.360" /><testcase classname="tests.test_atom_building_machinery" name="test_promotion_requires_present_current_untampered_review" time="0.673" /><testcase classname="tests.test_atom_building_machinery" name="test_promotion_review_snapshot_survives_caller_change_and_refuses_tamper" time="0.550" /><testcase classname="tests.test_atom_building_machinery" name="test_current_experiment_stage_receipts_advance" time="0.159" /><testcase classname="tests.test_atom_building_machinery" name="test_superseded_run_carries_earliest_baseline_and_names_chain" time="0.121" /><testcase classname="tests.test_atom_building_machinery" name="test_supersession_refuses_different_atom_complete_run_and_damaged_chain" time="0.784" /><testcase classname="tests.test_atom_building_machinery" name="test_authorize_next_closes_supersession_chain_once" time="0.787" /><testcase classname="tests.test_atom_building_machinery" name="test_new_start_requires_contract_surface" time="0.040" /><testcase classname="tests.test_atom_building_machinery" name="test_validation_surface_resolves_real_shapes_and_status_round_trips_it" time="0.041" /><testcase classname="tests.test_atom_building_machinery" name="test_validation_atom_can_declare_the_controllers_own_contract_surface" time="0.066" /><testcase classname="tests.test_atom_building_machinery" name="test_prose_target_requires_native_authenticated_presence_round_trip" time="0.098" /><testcase classname="tests.test_atom_building_machinery" name="test_declined_prose_choice_keeps_the_request_blocked" time="0.015" /><testcase classname="tests.test_atom_building_machinery" name="test_prose_waiver_interview_refuses_invalid_helper_choice_or_changed_request" time="0.014" /><testcase classname="tests.test_atom_building_machinery" name="test_start_rejects_presence_proof_that_native_helper_cannot_verify" time="0.014" /><testcase classname="tests.test_atom_building_machinery" name="test_prose_waiver_receipt_cannot_cross_to_changed_request" time="0.015" /><testcase classname="tests.test_atom_building_machinery" name="test_native_helper_refuses_model_supplied_choice_without_opening_ui" time="0.008" /><testcase classname="tests.test_atom_building_machinery" name="test_validation_surface_misspelling_names_available_keys" time="0.040" /><testcase classname="tests.test_atom_building_machinery" name="test_record_experiment_reports_observed_keys_and_refuses_missing_declared_target" time="0.159" /></testsuite></testsuites>